<?xml version="1.0" encoding="UTF-8"?>
<!-- Generated by org.testng.reporters.JUnitReportReporter -->
<testsuite hostname="DESKTOP-C4LC40M" failures="0" tests="5" name="TestLayer.PIMPage" time="34.436" errors="0" timestamp="2023-03-05T15:23:16 IST" skipped="0">
  <testcase classname="TestLayer.PIMPage" name="validateUserIsOnPIMPage" time="1.289"/>
  <system-out/>
  <testcase classname="TestLayer.PIMPage" name="addNewUser" time="5.891"/>
  <system-out/>
  <testcase classname="TestLayer.PIMPage" name="searchEmployeeUsingEmpId" time="6.380"/>
  <system-out/>
  <testcase classname="TestLayer.PIMPage" name="addMorePersonalDetails" time="12.713"/>
  <system-out/>
  <testcase classname="TestLayer.PIMPage" name="deleteEmployeeFunctionality" time="8.163"/>
  <system-out/>
</testsuite> <!-- TestLayer.PIMPage -->
