<?xml version="1.0" encoding="UTF-8"?>
<!-- Generated by org.testng.reporters.JUnitReportReporter -->
<testsuite hostname="DESKTOP-4G6V73A" failures="0" tests="1" name="Tutorial1.Demo1" time="0.009" errors="0" timestamp="2023-02-23T07:55:15 IST" skipped="0">
  <testcase classname="Tutorial1.Demo1" name="a1" time="0.009"/>
  <system-out/>
</testsuite> <!-- Tutorial1.Demo1 -->
