<?xml version="1.0" encoding="UTF-8"?>
<!-- Generated by org.testng.reporters.JUnitReportReporter -->
<testsuite hostname="DESKTOP-C4LC40M" failures="0" tests="3" name="TestLayer.HomePage" time="0.464" errors="0" timestamp="2023-03-05T15:23:16 IST" skipped="0">
  <testcase classname="TestLayer.HomePage" name="validateHomePageTitle" time="0.013"/>
  <system-out/>
  <testcase classname="TestLayer.HomePage" name="validateHomePageUrl" time="0.012"/>
  <system-out/>
  <testcase classname="TestLayer.HomePage" name="validateHomePageLogo" time="0.439"/>
  <system-out/>
</testsuite> <!-- TestLayer.HomePage -->
