<?xml version="1.0" encoding="UTF-8"?>
<!-- Generated by org.testng.reporters.JUnitReportReporter -->
<testsuite hostname="DESKTOP-4G6V73A" failures="0" tests="2" name="Tutorial2.Sample1" time="0.002" errors="0" timestamp="2023-02-23T07:54:45 IST" skipped="0">
  <testcase classname="Tutorial2.Sample1" name="p1" time="0.001"/>
  <system-out/>
  <testcase classname="Tutorial2.Sample1" name="p2" time="0.001"/>
  <system-out/>
</testsuite> <!-- Tutorial2.Sample1 -->
