<?xml version="1.0" encoding="UTF-8"?>
<!-- Generated by org.testng.reporters.JUnitReportReporter -->
<testsuite hostname="DESKTOP-C4LC40M" failures="0" tests="1" name="TestLayer.LoginPage" time="10.307" errors="0" timestamp="2023-03-05T15:23:16 IST" skipped="0">
  <testcase classname="TestLayer.LoginPage" name="loginFunctionality" time="10.307"/>
  <system-out/>
</testsuite> <!-- TestLayer.LoginPage -->
