<?xml version="1.0" encoding="UTF-8"?>
<!-- Generated by org.testng.reporters.JUnitReportReporter -->
<testsuite hostname="DESKTOP-4G6V73A" failures="0" tests="2" name="TestLayer.AdminPage" time="9.161" errors="0" timestamp="2023-02-23T21:24:00 IST" skipped="0">
  <testcase classname="TestLayer.AdminPage" name="verifyUserIsOnAdminPage" time="1.641"/>
  <system-out/>
  <testcase classname="TestLayer.AdminPage" name="addNewUserInAdminPage" time="7.520"/>
  <system-out/>
</testsuite> <!-- TestLayer.AdminPage -->
