<?xml version="1.0" encoding="UTF-8"?>
<!-- Generated by org.testng.reporters.JUnitReportReporter -->
<testsuite hostname="DESKTOP-4G6V73A" failures="0" tests="10" name="TestLayer.Demo3" time="0.019" errors="0" timestamp="2023-02-23T09:15:49 IST" skipped="0">
  <testcase classname="TestLayer.Demo3" name="a1" time="0.001"/>
  <system-out/>
  <testcase classname="TestLayer.Demo3" name="a1" time="0.001"/>
  <system-out/>
  <testcase classname="TestLayer.Demo3" name="a1" time="0.000"/>
  <system-out/>
  <testcase classname="TestLayer.Demo3" name="a1" time="0.001"/>
  <system-out/>
  <testcase classname="TestLayer.Demo3" name="a1" time="0.001"/>
  <system-out/>
  <testcase classname="TestLayer.Demo3" name="a1" time="0.011"/>
  <system-out/>
  <testcase classname="TestLayer.Demo3" name="a1" time="0.000"/>
  <system-out/>
  <testcase classname="TestLayer.Demo3" name="a1" time="0.001"/>
  <system-out/>
  <testcase classname="TestLayer.Demo3" name="a1" time="0.002"/>
  <system-out/>
  <testcase classname="TestLayer.Demo3" name="a1" time="0.001"/>
  <system-out/>
</testsuite> <!-- TestLayer.Demo3 -->
